0 info it worked if it ends with ok
1 verbose cli [ 'node', '/usr/local/bin/npm', 'install', '--save', 'moustache' ]
2 info using npm@2.7.4
3 info using node@v0.12.2
4 warn package.json project-3-group@1.0.0 No description
5 warn package.json project-3-group@1.0.0 No README data
6 warn package.json http@0.0.0 http is also the name of a node core module.
7 warn package.json http@0.0.0 No description
8 warn package.json http@0.0.0 No repository field.
9 warn package.json browsify@0.0.4 No repository field.
10 warn package.json path@0.11.14 path is also the name of a node core module.
11 silly cache add args [ 'moustache', null ]
12 verbose cache add spec moustache
13 silly cache add parsed spec { raw: 'moustache',
13 silly cache add   scope: null,
13 silly cache add   name: 'moustache',
13 silly cache add   rawSpec: '',
13 silly cache add   spec: '*',
13 silly cache add   type: 'range' }
14 verbose addNamed moustache@*
15 silly addNamed semver.valid null
16 silly addNamed semver.validRange *
17 silly addNameRange { name: 'moustache', range: '*', hasData: false }
18 silly mapToRegistry name moustache
19 silly mapToRegistry using default registry
20 silly mapToRegistry registry https://registry.npmjs.org/
21 silly mapToRegistry uri https://registry.npmjs.org/moustache
22 verbose addNameRange registry:https://registry.npmjs.org/moustache not in flight; fetching
23 verbose request uri https://registry.npmjs.org/moustache
24 verbose request no auth needed
25 info attempt registry request try #1 at 3:21:06 PM
26 verbose request id 53e425c02449d318
27 http request GET https://registry.npmjs.org/moustache
28 http 404 https://registry.npmjs.org/moustache
29 verbose headers { server: 'CouchDB/1.5.0 (Erlang OTP/R16B03)',
29 verbose headers   etag: '"P4UBVPESEPSC67CE1FYMVWWT"',
29 verbose headers   'content-type': 'application/json',
29 verbose headers   'cache-control': 'max-age=0',
29 verbose headers   'content-length': '432',
29 verbose headers   'accept-ranges': 'bytes',
29 verbose headers   date: 'Thu, 25 Jun 2015 14:16:46 GMT',
29 verbose headers   via: '1.1 varnish',
29 verbose headers   age: '0',
29 verbose headers   connection: 'keep-alive',
29 verbose headers   'x-served-by': 'cache-fra1246-FRA',
29 verbose headers   'x-cache': 'MISS',
29 verbose headers   'x-cache-hits': '0',
29 verbose headers   'x-timer': 'S1435241806.478300,VS0,VE102',
29 verbose headers   vary: 'Accept' }
30 silly get cb [ 404,
30 silly get   { server: 'CouchDB/1.5.0 (Erlang OTP/R16B03)',
30 silly get     etag: '"P4UBVPESEPSC67CE1FYMVWWT"',
30 silly get     'content-type': 'application/json',
30 silly get     'cache-control': 'max-age=0',
30 silly get     'content-length': '432',
30 silly get     'accept-ranges': 'bytes',
30 silly get     date: 'Thu, 25 Jun 2015 14:16:46 GMT',
30 silly get     via: '1.1 varnish',
30 silly get     age: '0',
30 silly get     connection: 'keep-alive',
30 silly get     'x-served-by': 'cache-fra1246-FRA',
30 silly get     'x-cache': 'MISS',
30 silly get     'x-cache-hits': '0',
30 silly get     'x-timer': 'S1435241806.478300,VS0,VE102',
30 silly get     vary: 'Accept' } ]
31 verbose stack Error: Registry returned 404 for GET on https://registry.npmjs.org/moustache
31 verbose stack     at CachingRegistryClient.<anonymous> (/usr/local/lib/node_modules/npm/node_modules/npm-registry-client/lib/request.js:239:14)
31 verbose stack     at Request._callback (/usr/local/lib/node_modules/npm/node_modules/npm-registry-client/lib/request.js:170:14)
31 verbose stack     at Request.self.callback (/usr/local/lib/node_modules/npm/node_modules/request/request.js:344:22)
31 verbose stack     at Request.emit (events.js:110:17)
31 verbose stack     at Request.<anonymous> (/usr/local/lib/node_modules/npm/node_modules/request/request.js:1239:14)
31 verbose stack     at Request.emit (events.js:129:20)
31 verbose stack     at IncomingMessage.<anonymous> (/usr/local/lib/node_modules/npm/node_modules/request/request.js:1187:12)
31 verbose stack     at IncomingMessage.emit (events.js:129:20)
31 verbose stack     at _stream_readable.js:908:16
31 verbose stack     at process._tickCallback (node.js:355:11)
32 verbose statusCode 404
33 verbose pkgid moustache
34 verbose cwd /Users/MacBook/Desktop/WDI13/projects/project-3-group
35 error Darwin 14.3.0
36 error argv "node" "/usr/local/bin/npm" "install" "--save" "moustache"
37 error node v0.12.2
38 error npm  v2.7.4
39 error code E404
40 error 404 Registry returned 404 for GET on https://registry.npmjs.org/moustache
40 error 404
40 error 404 'moustache' is not in the npm registry.
40 error 404 You should bug the author to publish it (or use the name yourself!)
40 error 404 It was specified as a dependency of 'project-3-group'
40 error 404
40 error 404 Note that you can also install from a
40 error 404 tarball, folder, http url, or git url.
41 verbose exit [ 1, true ]
